Using pre-set license
Built from '2021.1/release' branch; Version is '2021.1.1f1 (6fdc41dfa55a) revision 7330881'; Using compiler version '192528614'; Build Type 'Release'
OS: 'Windows 10 Home; OS build 18363.959; Version 1909; 64bit' Language: 'en' Physical Memory: 8032 MB
BatchMode: 1, IsHumanControllingUs: 0, StartBugReporterOnCrash: 0, Is64bit: 1, IsPro: 0

 COMMAND LINE ARGUMENTS:
C:\Program Files\Unity\Hub\Editor\2021.1.1f1\Editor\Unity.exe
-adb2
-batchMode
-noUpm
-name
AssetImportWorker0
-projectPath
C:/Users/Arhin/Documents/Unity projects/Combat (Concrete)/Small Turnbased
-logFile
Logs/AssetImportWorker0.log
-srvPort
58755
Successfully changed project path to: C:/Users/Arhin/Documents/Unity projects/Combat (Concrete)/Small Turnbased
C:/Users/Arhin/Documents/Unity projects/Combat (Concrete)/Small Turnbased
Using Asset Import Pipeline V2.
Refreshing native plugins compatible for Editor in 23.85 ms, found 0 plugins.
Preloading 0 native plugins for Editor in 0.00 ms.
Initialize engine version: 2021.1.1f1 (6fdc41dfa55a)
[Subsystems] Discovering subsystems at path C:/Program Files/Unity/Hub/Editor/2021.1.1f1/Editor/Data/Resources/UnitySubsystems
[Subsystems] Discovering subsystems at path C:/Users/Arhin/Documents/Unity projects/Combat (Concrete)/Small Turnbased/Assets
GfxDevice: creating device client; threaded=0; jobified=0
Direct3D:
    Version:  Direct3D 11.0 [level 11.1]
    Renderer: NVIDIA GeForce GTX 1660 Ti with Max-Q Design (ID=0x2191)
    Vendor:   NVIDIA
    VRAM:     5991 MB
    Driver:   27.21.14.5122
Initialize mono
Mono path[0] = 'C:/Program Files/Unity/Hub/Editor/2021.1.1f1/Editor/Data/Managed'
Mono path[1] = 'C:/Program Files/Unity/Hub/Editor/2021.1.1f1/Editor/Data/MonoBleedingEdge/lib/mono/unityjit'
Mono config path = 'C:/Program Files/Unity/Hub/Editor/2021.1.1f1/Editor/Data/MonoBleedingEdge/etc'
Using monoOptions --debugger-agent=transport=dt_socket,embedding=1,server=y,suspend=n,address=127.0.0.1:56812
Begin MonoManager ReloadAssembly
Registering precompiled unity dll's ...
Register platform support module: C:/Program Files/Unity/Hub/Editor/2021.1.1f1/Editor/Data/PlaybackEngines/WebGLSupport/UnityEditor.WebGL.Extensions.dll
Register platform support module: C:/Program Files/Unity/Hub/Editor/2021.1.1f1/Editor/Data/PlaybackEngines/WindowsStandaloneSupport/UnityEditor.WindowsStandalone.Extensions.dll
Registered in 0.002239 seconds.
Native extension for WindowsStandalone target not found
Native extension for WebGL target not found
Refreshing native plugins compatible for Editor in 24.56 ms, found 0 plugins.
Preloading 0 native plugins for Editor in 0.00 ms.
Mono: successfully reloaded assembly
- Completed reload, in  1.143 seconds
Platform modules already initialized, skipping
Registering precompiled user dll's ...
Registered in 0.000693 seconds.
Begin MonoManager ReloadAssembly
Native extension for WindowsStandalone target not found
Native extension for WebGL target not found
Refreshing native plugins compatible for Editor in 0.24 ms, found 0 plugins.
Preloading 0 native plugins for Editor in 0.00 ms.
Mono: successfully reloaded assembly
- Completed reload, in  0.811 seconds
Platform modules already initialized, skipping
========================================================================
Worker process is ready to serve import requests
Launched and connected shader compiler UnityShaderCompiler.exe after 0.05 seconds
Refreshing native plugins compatible for Editor in 0.25 ms, found 0 plugins.
Preloading 0 native plugins for Editor in 0.00 ms.
Unloading 1474 Unused Serialized files (Serialized files now loaded: 0)
System memory in use before: 68.5 MB.
System memory in use after: 68.6 MB.

Unloading 9 unused Assets to reduce memory usage. Loaded Objects now: 1933.
Total: 3.993000 ms (FindLiveObjects: 0.141100 ms CreateObjectMapping: 0.040900 ms MarkObjects: 3.692600 ms  DeleteObjects: 0.117200 ms)

========================================================================
Received Import Request.
  path: Assets/Player Controller.asset
  artifactKey: Guid(1f51047aa8fb5be46836bca851431fce) Importer(815301076,1909f56bfc062723c751e8b465ee728b)
Start importing Assets/Player Controller.asset using Guid(1f51047aa8fb5be46836bca851431fce) Importer(815301076,1909f56bfc062723c751e8b465ee728b)  -> (artifact id: '52e8e23451d5c8d872a78647b9c6ff0b') in 0.049210 seconds 
========================================================================
Received Import Request.
  Time since last request: 2.679410 seconds.
  path: Assets/Unit Selected By Player.asset
  artifactKey: Guid(c60a2148ef8fccd47950ae59b01e16f5) Importer(815301076,1909f56bfc062723c751e8b465ee728b)
Start importing Assets/Unit Selected By Player.asset using Guid(c60a2148ef8fccd47950ae59b01e16f5) Importer(815301076,1909f56bfc062723c751e8b465ee728b)  -> (artifact id: 'd5cf260a11de9242e8a77659444f093a') in 0.002647 seconds 
========================================================================
Received Import Request.
  Time since last request: 1.878696 seconds.
  path: Assets/Round_Manager.asset
  artifactKey: Guid(827f36ebb76bab04f9fd3622b831cc1c) Importer(815301076,1909f56bfc062723c751e8b465ee728b)
Start importing Assets/Round_Manager.asset using Guid(827f36ebb76bab04f9fd3622b831cc1c) Importer(815301076,1909f56bfc062723c751e8b465ee728b)  -> (artifact id: 'ed6cdd6d9a21ea4d7d8599e67b5a8bb5') in 0.006592 seconds 
AssetImportWorkerClient::OnTransportError - code=2 error=End of file
